<html>
<head>
<title>TestNG:  Material_Create_Fill_In_Data</title>
<link href="../testng.css" rel="stylesheet" type="text/css" />
<link href="../my-testng.css" rel="stylesheet" type="text/css" />

<style type="text/css">
.log { display: none;} 
.stack-trace { display: none;} 
</style>
<script type="text/javascript">
<!--
function flip(e) {
  current = e.style.display;
  if (current == 'block') {
    e.style.display = 'none';
    return 0;
  }
  else {
    e.style.display = 'block';
    return 1;
  }
}

function toggleBox(szDivId, elem, msg1, msg2)
{
  var res = -1;  if (document.getElementById) {
    res = flip(document.getElementById(szDivId));
  }
  else if (document.all) {
    // this is the way old msie versions work
    res = flip(document.all[szDivId]);
  }
  if(elem) {
    if(res == 0) elem.innerHTML = msg1; else elem.innerHTML = msg2;
  }

}

function toggleAllBoxes() {
  if (document.getElementsByTagName) {
    d = document.getElementsByTagName('div');
    for (i = 0; i < d.length; i++) {
      if (d[i].className == 'log') {
        flip(d[i]);
      }
    }
  }
}

// -->
</script>

</head>
<body>
<h2 align='center'>Material_Create_Fill_In_Data</h2><table border='1' align="center">
<tr>
<td>Tests passed/Failed/Skipped:</td><td>0/1/0</td>
</tr><tr>
<td>Started on:</td><td>Thu Jul 04 10:59:40 IST 2019</td>
</tr>
<tr><td>Total time:</td><td>50 seconds (50822 ms)</td>
</tr><tr>
<td>Included groups:</td><td></td>
</tr><tr>
<td>Excluded groups:</td><td></td>
</tr>
</table><p/>
<small><i>(Hover the method name to see the test class name)</i></small><p/>
<table width='100%' border='1' class='invocation-failed'>
<tr><td colspan='4' align='center'><b>FAILED TESTS</b></td></tr>
<tr><td><b>Test method</b></td>
<td width="30%"><b>Exception</b></td>
<td width="10%"><b>Time (seconds)</b></td>
<td><b>Instance</b></td>
</tr>
<tr>
<td title='com.mendix.test.MaterialScript.Material_Create_Fill_In_Data()'><b>Material_Create_Fill_In_Data</b><br>Test class: com.mendix.test.MaterialScript<br>Parameters: {OpCo=SG04, Test_Case=8.Create_Material_Global_and_Local_for_JDE, Execute=Y, Material Description:=Test Create, Description=Malt Pale C6 DE Koblenz Automation, Goods and Services Typology=9.0, Material Group=CMG0006, General Item Cat Group=YW02, X-plant matl Status Valid From=18/10/2018, Gross Weight Base UoM=1.0, Unit of Weight=KG, Material Type=YROH, X-plant matl Status=Z3, Base UoM=KG, Net Weight Base UoM=1.0, Storage Conditions=Y1, Purchasing Value Key=YW02, Variable OUN=1.0, Stocking Type Global=P, Purchased, Bulk/Packed Flag=P, Sales Price Level=1.0, Commitment Method=3, Best Before Date, UoM - Primary=KG, UoM - Secondary=KG, UoM - Pricing=KG, UoM - Production=KG, Line Type=S, Inventory Cost Level=2.0, Purchase Price Level=2.0, Standard UoM=_, UoM - Purchasing=TO, UoM - Shipping=KG, UoM - Component=KG, Type=0.0, Inventory Value Zero=No, Price Profit Calculation=0.0, Product Group Code=INVTY, Fields=SG001OC, Plant=25000, Sales Unit of Measure=KG, Purch. Unit of Measure=KG, Rounding Precision=0.01, =0, FIFO, Inventory Posting Group=RAWM, Gen. Prod. Posting Group=MNPM, Merchandise and Non Promotional Materials (MNPM), VAT Prod. Posting Group=NO_VAT, 0% VAT, Item Deposit Group Code=02, Keg, Location Code=DZ01, Brewery Rouiba, Replenishment System=2, Transfer, Stocking Type Local=P, BackOrders Allowed=No, Lot Status Code=_, Commitment Date Method=1.0, Lot Calculation Algorithm=01, Bulk Product Related Materials, Cycle Count Category=4.0, Fixed/Variable Lead Time=V, Planning time fence  rule=G, Value Order Policy=0.0, Issue Type Code=I, Reorder Point - Input=0.0, Reorder Quantity-Min=0.0, Safety Stock=0.0, Check Availaibility=No, Serial Number Required=No, Lot Process Type=3, Lots must be Assigned Manually, Country of Origin Required=No, Lot Expiration Date Cal Method=1, On Hand Date, Master Planning Family=097, Typ. 09 - S&OP - MRP, Planning Code=0, Not Planned, Freeze Time Fence Days=7.0, Order Policy Code=1.0, Time Basis Code=4.0, Reorder Quantity - Input=0.0, Reorder Quantity - Maximum=0.0, Quantity - Order Multiples (MRP)=7.0, G/L Class=CTDB, CTS - DB Inst Non-Cap, Purchasing Taxable=Yes, Costing Method - Purchasing=07, Standard, Accounting Cost Quantity=, Sales Taxable=Yes, Costing Method - Sales=08, Purchasing-Base Cost No Adds}</td>
<td><div><pre>org.openqa.selenium.TimeoutException: Expected condition failed: waiting for element to be clickable: By.xpath: //*[text()=&apos;Local Data&apos;] (tried for 40 second(s) with 500 milliseconds interval)
	at org.openqa.selenium.support.ui.WebDriverWait.timeoutException(WebDriverWait.java:113)
	at org.openqa.selenium.support.ui.FluentWait.until(FluentWait.java:283)
	at com.mendix.page.MaterialPage.disableLocaData(MaterialPage.java:524)
	at com.mendix.test.MaterialScript.Material_Create_Fill_In_Data(MaterialScript.java:43)
Caused by: org.openqa.selenium.NoSuchElementException: Cannot locate an element using By.xpath: //*[text()=&apos;Local Data&apos;]
For documentation on this error, please visit: http://seleniumhq.org/exceptions/no_such_element.html
Build info: version: &apos;3.14.0&apos;, revision: &apos;aacccce0&apos;, time: &apos;2018-08-02T20:13:22.693Z&apos;
System info: host: &apos;DESKTOP-D8T0N8D&apos;, ip: &apos;9.79.141.213&apos;, os.name: &apos;Windows 10&apos;, os.arch: &apos;amd64&apos;, os.version: &apos;10.0&apos;, java.version: &apos;1.8.0_121&apos;
Driver info: driver.version: unknown
	at org.openqa.selenium.support.ui.ExpectedConditions.lambda$findElement$0(ExpectedConditions.java:896)
	at java.util.Optional.orElseThrow(Unknown Source)
	at org.openqa.selenium.support.ui.ExpectedConditions.findElement(ExpectedConditions.java:895)
	at org.openqa.selenium.support.ui.ExpectedConditions.access$000(ExpectedConditions.java:44)
	at org.openqa.selenium.support.ui.ExpectedConditions$7.apply(ExpectedConditions.java:206)
	at org.openqa.selenium.support.ui.ExpectedConditions$7.apply(ExpectedConditions.java:202)
	at org.openqa.selenium.support.ui.ExpectedConditions$22.apply(ExpectedConditions.java:657)
	at org.openqa.selenium.support.ui.ExpectedConditions$22.apply(ExpectedConditions.java:654)
	at org.openqa.selenium.support.ui.FluentWait.until(FluentWait.java:260)
	... 27 more
... Removed 25 stack frames</pre></div><a href='#' onClick='toggleBox("stack-trace1892869131", this, "Click to show all stack frames", "Click to hide stack frames")'>Click to show all stack frames</a>
<div class='stack-trace' id='stack-trace1892869131'><pre>org.openqa.selenium.TimeoutException: Expected condition failed: waiting for element to be clickable: By.xpath: //*[text()=&apos;Local Data&apos;] (tried for 40 second(s) with 500 milliseconds interval)
	at org.openqa.selenium.support.ui.WebDriverWait.timeoutException(WebDriverWait.java:113)
	at org.openqa.selenium.support.ui.FluentWait.until(FluentWait.java:283)
	at com.mendix.page.MaterialPage.disableLocaData(MaterialPage.java:524)
	at com.mendix.test.MaterialScript.Material_Create_Fill_In_Data(MaterialScript.java:43)
	at sun.reflect.NativeMethodAccessorImpl.invoke0(Native Method)
	at sun.reflect.NativeMethodAccessorImpl.invoke(Unknown Source)
	at sun.reflect.DelegatingMethodAccessorImpl.invoke(Unknown Source)
	at java.lang.reflect.Method.invoke(Unknown Source)
	at org.testng.internal.MethodInvocationHelper.invokeMethod(MethodInvocationHelper.java:124)
	at org.testng.internal.Invoker.invokeMethod(Invoker.java:580)
	at org.testng.internal.Invoker.invokeTestMethod(Invoker.java:716)
	at org.testng.internal.Invoker.invokeTestMethods(Invoker.java:988)
	at org.testng.internal.TestMethodWorker.invokeTestMethods(TestMethodWorker.java:125)
	at org.testng.internal.TestMethodWorker.run(TestMethodWorker.java:109)
	at org.testng.TestRunner.privateRun(TestRunner.java:648)
	at org.testng.TestRunner.run(TestRunner.java:505)
	at org.testng.SuiteRunner.runTest(SuiteRunner.java:455)
	at org.testng.SuiteRunner.runSequentially(SuiteRunner.java:450)
	at org.testng.SuiteRunner.privateRun(SuiteRunner.java:415)
	at org.testng.SuiteRunner.run(SuiteRunner.java:364)
	at org.testng.SuiteRunnerWorker.runSuite(SuiteRunnerWorker.java:52)
	at org.testng.SuiteRunnerWorker.run(SuiteRunnerWorker.java:84)
	at org.testng.TestNG.runSuitesSequentially(TestNG.java:1208)
	at org.testng.TestNG.runSuitesLocally(TestNG.java:1137)
	at org.testng.TestNG.runSuites(TestNG.java:1049)
	at org.testng.TestNG.run(TestNG.java:1017)
	at org.testng.remote.AbstractRemoteTestNG.run(AbstractRemoteTestNG.java:114)
	at org.testng.remote.RemoteTestNG.initAndRun(RemoteTestNG.java:251)
	at org.testng.remote.RemoteTestNG.main(RemoteTestNG.java:77)
Caused by: org.openqa.selenium.NoSuchElementException: Cannot locate an element using By.xpath: //*[text()=&apos;Local Data&apos;]
For documentation on this error, please visit: http://seleniumhq.org/exceptions/no_such_element.html
Build info: version: &apos;3.14.0&apos;, revision: &apos;aacccce0&apos;, time: &apos;2018-08-02T20:13:22.693Z&apos;
System info: host: &apos;DESKTOP-D8T0N8D&apos;, ip: &apos;9.79.141.213&apos;, os.name: &apos;Windows 10&apos;, os.arch: &apos;amd64&apos;, os.version: &apos;10.0&apos;, java.version: &apos;1.8.0_121&apos;
Driver info: driver.version: unknown
	at org.openqa.selenium.support.ui.ExpectedConditions.lambda$findElement$0(ExpectedConditions.java:896)
	at java.util.Optional.orElseThrow(Unknown Source)
	at org.openqa.selenium.support.ui.ExpectedConditions.findElement(ExpectedConditions.java:895)
	at org.openqa.selenium.support.ui.ExpectedConditions.access$000(ExpectedConditions.java:44)
	at org.openqa.selenium.support.ui.ExpectedConditions$7.apply(ExpectedConditions.java:206)
	at org.openqa.selenium.support.ui.ExpectedConditions$7.apply(ExpectedConditions.java:202)
	at org.openqa.selenium.support.ui.ExpectedConditions$22.apply(ExpectedConditions.java:657)
	at org.openqa.selenium.support.ui.ExpectedConditions$22.apply(ExpectedConditions.java:654)
	at org.openqa.selenium.support.ui.FluentWait.until(FluentWait.java:260)
	... 27 more
</pre></div></td>
<td>50</td>
<td>com.mendix.test.MaterialScript@3e57cd70</td></tr>
</table><p>
</body>
</html>