<?xml version="1.0" encoding="UTF-8"?>
<!-- Generated by org.testng.reporters.JUnitXMLReporter -->
<testsuite hostname="DESKTOP-D8T0N8D" ignored="21" name="Material_Create_Fill_In_Data_Local_JDE" tests="2" failures="1" timestamp="03 Jul 2019 05:39:15 GMT" time="99.856" errors="0">
  <testcase name="Material_Create_Fill_In_Data_JDE_Planning" time="84.551" classname="com.mendix.test.MaterialJDEScript"/>
  <testcase name="Material_Create_Fill_In_Data_JDE_Finance" time="15.144" classname="com.mendix.test.MaterialJDEScript">
    <failure type="org.openqa.selenium.NoSuchElementException" message="Invalid internal element ID requested: 64bda926-284d-41ec-8dee-b79d0aea6003
For documentation on this error, please visit: http://seleniumhq.org/exceptions/no_such_element.html
Build info: version: &amp;apos;3.14.0&amp;apos;, revision: &amp;apos;aacccce0&amp;apos;, time: &amp;apos;2018-08-02T20:13:22.693Z&amp;apos;
System info: host: &amp;apos;DESKTOP-D8T0N8D&amp;apos;, ip: &amp;apos;9.78.125.163&amp;apos;, os.name: &amp;apos;Windows 10&amp;apos;, os.arch: &amp;apos;amd64&amp;apos;, os.version: &amp;apos;10.0&amp;apos;, java.version: &amp;apos;1.8.0_121&amp;apos;
Driver info: org.openqa.selenium.ie.InternetExplorerDriver
Capabilities {acceptInsecureCerts: false, browserName: internet explorer, browserVersion: 11, javascriptEnabled: true, pageLoadStrategy: normal, platform: WINDOWS, platformName: WINDOWS, proxy: Proxy(), se:ieOptions: {browserAttachTimeout: 0, elementScrollBehavior: 0, enablePersistentHover: true, ie.browserCommandLineSwitches: , ie.ensureCleanSession: false, ie.fileUploadDialogTimeout: 3000, ie.forceCreateProcessApi: false, ignoreProtectedModeSettings: false, ignoreZoomSetting: false, initialBrowserUrl: http://localhost:22149/, nativeEvents: true, requireWindowFocus: false}, setWindowRect: true, timeouts: {implicit: 0, pageLoad: 300000, script: 30000}}
Session ID: 73749fc1-877a-4b6e-b9fb-13c839615a8a">
      <![CDATA[org.openqa.selenium.NoSuchElementException: Invalid internal element ID requested: 64bda926-284d-41ec-8dee-b79d0aea6003
For documentation on this error, please visit: http://seleniumhq.org/exceptions/no_such_element.html
Build info: version: '3.14.0', revision: 'aacccce0', time: '2018-08-02T20:13:22.693Z'
System info: host: 'DESKTOP-D8T0N8D', ip: '9.78.125.163', os.name: 'Windows 10', os.arch: 'amd64', os.version: '10.0', java.version: '1.8.0_121'
Driver info: org.openqa.selenium.ie.InternetExplorerDriver
Capabilities {acceptInsecureCerts: false, browserName: internet explorer, browserVersion: 11, javascriptEnabled: true, pageLoadStrategy: normal, platform: WINDOWS, platformName: WINDOWS, proxy: Proxy(), se:ieOptions: {browserAttachTimeout: 0, elementScrollBehavior: 0, enablePersistentHover: true, ie.browserCommandLineSwitches: , ie.ensureCleanSession: false, ie.fileUploadDialogTimeout: 3000, ie.forceCreateProcessApi: false, ignoreProtectedModeSettings: false, ignoreZoomSetting: false, initialBrowserUrl: http://localhost:22149/, nativeEvents: true, requireWindowFocus: false}, setWindowRect: true, timeouts: {implicit: 0, pageLoad: 300000, script: 30000}}
Session ID: 73749fc1-877a-4b6e-b9fb-13c839615a8a
at org.openqa.selenium.remote.http.W3CHttpResponseCodec.createException(W3CHttpResponseCodec.java:187)
at org.openqa.selenium.remote.http.W3CHttpResponseCodec.decode(W3CHttpResponseCodec.java:122)
at org.openqa.selenium.remote.http.W3CHttpResponseCodec.decode(W3CHttpResponseCodec.java:49)
at org.openqa.selenium.remote.HttpCommandExecutor.execute(HttpCommandExecutor.java:158)
at org.openqa.selenium.remote.service.DriverCommandExecutor.execute(DriverCommandExecutor.java:83)
at org.openqa.selenium.remote.RemoteWebDriver.execute(RemoteWebDriver.java:548)
at org.openqa.selenium.remote.RemoteWebElement.execute(RemoteWebElement.java:276)
at org.openqa.selenium.remote.RemoteWebElement.getTagName(RemoteWebElement.java:122)
at org.openqa.selenium.support.ui.Select.<init>(Select.java:44)
at com.mendix.page.Material_JDE_Page.selectGLClass(Material_JDE_Page.java:520)
at com.mendix.test.MaterialJDEScript.Material_Create_Fill_In_Data_JDE_Finance(MaterialJDEScript.java:92)
... Removed 29 stack frames]]>
    </failure>
  </testcase> <!-- Material_Create_Fill_In_Data_JDE_Finance -->
  <testcase name="Material_Create_Fill_In_Data" time="0.0" classname="com.mendix.test.MaterialJDEScript">
    <ignored/>
  </testcase> <!-- Material_Create_Fill_In_Data -->
  <testcase name="Material_Create_Fill_In_Data_JDE_Finance_SaveAsDraft" time="0.0" classname="com.mendix.test.MaterialJDEScript">
    <ignored/>
  </testcase> <!-- Material_Create_Fill_In_Data_JDE_Finance_SaveAsDraft -->
  <testcase name="Material_Validate_LocalData_JDE" time="0.0" classname="com.mendix.test.MaterialJDEScript">
    <ignored/>
  </testcase> <!-- Material_Validate_LocalData_JDE -->
  <testcase name="confirmExtensionJDE" time="0.0" classname="com.mendix.test.MaterialJDEScript">
    <ignored/>
  </testcase> <!-- confirmExtensionJDE -->
  <testcase name="Process_Information_Check_Local" time="0.0" classname="com.mendix.test.MaterialJDEScript">
    <ignored/>
  </testcase> <!-- Process_Information_Check_Local -->
  <testcase name="Material_Remove_Plant_Validate_LocalData_JDE" time="0.0" classname="com.mendix.test.MaterialJDEScript">
    <ignored/>
  </testcase> <!-- Material_Remove_Plant_Validate_LocalData_JDE -->
  <testcase name="Material_Create_Fill_In_Data_JDE_Planning_Extend" time="0.0" classname="com.mendix.test.MaterialJDEScript">
    <ignored/>
  </testcase> <!-- Material_Create_Fill_In_Data_JDE_Planning_Extend -->
  <testcase name="Material_Create_Fill_In_Data_JDE_Finance_Extend" time="0.0" classname="com.mendix.test.MaterialJDEScript">
    <ignored/>
  </testcase> <!-- Material_Create_Fill_In_Data_JDE_Finance_Extend -->
  <testcase name="Material_Create_Fill_In_Data_JDE_Edit_Planning" time="0.0" classname="com.mendix.test.MaterialJDEScript">
    <ignored/>
  </testcase> <!-- Material_Create_Fill_In_Data_JDE_Edit_Planning -->
  <testcase name="Material_Create_Jde_Validate_Submit_Check" time="0.0" classname="com.mendix.test.MaterialJDEScript">
    <ignored/>
  </testcase> <!-- Material_Create_Jde_Validate_Submit_Check -->
  <testcase name="Material_JDE_Save_As_Draft" time="0.0" classname="com.mendix.test.MaterialJDEScript">
    <ignored/>
  </testcase> <!-- Material_JDE_Save_As_Draft -->
  <testcase name="Material_Create_Fill_In_Data_JDE_Edit_Finance" time="0.0" classname="com.mendix.test.MaterialJDEScript">
    <ignored/>
  </testcase> <!-- Material_Create_Fill_In_Data_JDE_Edit_Finance -->
  <testcase name="Material_Create_Fill_In_Data_JDE_Site" time="0.0" classname="com.mendix.test.MaterialJDEScript">
    <ignored/>
  </testcase> <!-- Material_Create_Fill_In_Data_JDE_Site -->
  <testcase name="Material_Create_Review_Global_Data_Approve_LDS" time="0.0" classname="com.mendix.test.MaterialJDEScript">
    <ignored/>
  </testcase> <!-- Material_Create_Review_Global_Data_Approve_LDS -->
  <testcase name="Material_Create_Review_Global_Data_Approve_LBDA" time="0.0" classname="com.mendix.test.MaterialJDEScript">
    <ignored/>
  </testcase> <!-- Material_Create_Review_Global_Data_Approve_LBDA -->
  <testcase name="material_Data_Extend_JDE" time="0.0" classname="com.mendix.test.MaterialJDEScript">
    <ignored/>
  </testcase> <!-- material_Data_Extend_JDE -->
  <testcase name="material_Create_Fill_In_Data_JDE_Finance_Extend_Nav" time="0.0" classname="com.mendix.test.MaterialJDEScript">
    <ignored/>
  </testcase> <!-- material_Create_Fill_In_Data_JDE_Finance_Extend_Nav -->
  <testcase name="Material_Create_Review_Global_Data_Approve_GDA" time="0.0" classname="com.mendix.test.MaterialJDEScript">
    <ignored/>
  </testcase> <!-- Material_Create_Review_Global_Data_Approve_GDA -->
  <testcase name="Material_Create_Syndication_Check" time="0.0" classname="com.mendix.test.MaterialJDEScript">
    <ignored/>
  </testcase> <!-- Material_Create_Syndication_Check -->
  <testcase name="Material_Create_Validate_Submit_Check" time="0.0" classname="com.mendix.test.MaterialJDEScript">
    <ignored/>
  </testcase> <!-- Material_Create_Validate_Submit_Check -->
  <testcase name="Process_Information_Check_Global" time="0.0" classname="com.mendix.test.MaterialJDEScript">
    <ignored/>
  </testcase> <!-- Process_Information_Check_Global -->
</testsuite> <!-- Material_Create_Fill_In_Data_Local_JDE -->
