<?xml version="1.0" encoding="UTF-8"?>
<testng-results skipped="0" failed="6" ignored="389" total="404" passed="9">
  <reporter-output>
  </reporter-output>
  <suite name="Create Material" duration-ms="1334017" started-at="2019-07-04T05:25:49Z" finished-at="2019-07-04T05:48:03Z">
    <groups>
    </groups>
    <test name="HeiPort_Login_LDR" duration-ms="15596" started-at="2019-07-04T05:25:49Z" finished-at="2019-07-04T05:26:05Z">
      <class name="com.mendix.test.LoginScript">
        <test-method status="PASS" signature="tasKill()[pri:0, instance:com.mendix.test.LoginScript@7a1ebcd8]" name="tasKill" duration-ms="45" started-at="2019-07-04T05:25:49Z" finished-at="2019-07-04T05:25:49Z">
          <reporter-output>
          </reporter-output>
        </test-method> <!-- tasKill -->
        <test-method status="PASS" signature="openBrowser()[pri:0, instance:com.mendix.test.LoginScript@7a1ebcd8]" name="openBrowser" duration-ms="10211" started-at="2019-07-04T05:25:49Z" finished-at="2019-07-04T05:25:59Z">
          <reporter-output>
          </reporter-output>
        </test-method> <!-- openBrowser -->
        <test-method status="PASS" signature="loginAsLDR(java.util.Map)[pri:0, instance:com.mendix.test.LoginScript@7a1ebcd8]" name="loginAsLDR" duration-ms="4321" started-at="2019-07-04T05:26:00Z" data-provider="HeiPort_Login" finished-at="2019-07-04T05:26:05Z">
          <params>
            <param index="0">
              <value>
                <![CDATA[{S.NO=23.0, OpCo=BE01, Test_Case=9.Create_Material_with_Questionnaire_only_Global_SAP, Execute=Y, RequestId=1427904, Level1Global=UoM, Level2Global=GDA, Level1Local=LDS, Level2Loca=LBDA, Syndication=Y, Global_ID=416057, Material_Number_AH1=, Material_Number_AE1=, Status_AH1=, Status_AE1=, Status_JDE=, Material Description=, R=, S=, T=, U=, V=, W=, X=, Y=, Z=, AA=, AB=, AC=, AD=, AE=, AF=, AG=, AH=, AI=, AJ=, AK=, AL=, AM=, AN=, AO=, AP=, AQ=, AR=, AS=, AT=, AU=, AV=, AW=, AX=, AY=, AZ=, BA=, BB=, BC=, BD=, BE=, BF=, BG=, BH=, BI=, BJ=, BK=, BL=, BM=, BN=, BO=, BP=, BQ=, BR=, BS=, BT=, BU=, BV=, BW=, BX=, BY=, BZ=, CA=, CB=, CC=, CD=, CE=, CF=, CG=, CH=, CI=, CJ=, CK=, CL=, CM=, CN=, CO=, CP=, CQ=, CR=, CS=, CT=, CU=, CV=, CW=, CX=, CY=, CZ=, DA=, DB=, DC=, DD=, DE=, DF=, DG=, DH=, DI=, DJ=, DK=, DL=, DM=, DN=, DO=, DP=, DQ=, DR=, DS=, DT=, DU=, DV=, DW=, DX=, DY=, DZ=, EA=, EB=, EC=, ED=, EE=, EF=, EG=, EH=, EI=, EJ=, EK=, EL=, EM=, EN=, EO=, EP=, EQ=, ER=, ES=, ET=, EU=, EV=, EW=, EX=, EY=, EZ=, FA=, FB=, FC=, FD=, FE=, FF=, FG=, FH=, FI=, FJ=, FK=, FL=, FM=, FN=, FO=, FP=, FQ=, FR=, FS=, FT=, FU=, FV=, FW=, FX=, FY=, FZ=, GA=, GB=, GC=, GD=, GE=, GF=, GG=, GH=, GI=, GJ=, GK=, GL=, GM=, GN=, GO=, GP=, GQ=, GR=, GS=, GT=, GU=, GV=, GW=, GX=, GY=, GZ=, HA=, HB=, HC=, HD=, HE=, HF=, HG=, HH=, HI=, HJ=, HK=, HL=, HM=, HN=, HO=, HP=, HQ=, HR=, HS=, HT=, HU=, HV=, HW=, HX=, HY=, HZ=, IA=, IB=, IC=, ID=, IE=, IF=, IG=, IH=, II=, IJ=, IK=, IL=, IM=, IN=, IO=, IP=, IQ=, IR=, IS=, IT=, IU=}]]>
              </value>
            </param>
          </params>
          <reporter-output>
          </reporter-output>
        </test-method> <!-- loginAsLDR -->
      </class> <!-- com.mendix.test.LoginScript -->
    </test> <!-- HeiPort_Login_LDR -->
    <test name="Material_Create_Fill_in_questionnaire" duration-ms="214818" started-at="2019-07-04T05:26:05Z" finished-at="2019-07-04T05:29:40Z">
      <class name="com.mendix.test.MaterialScript">
        <test-method status="PASS" signature="Material_Create_Fill_In_Questionnaire()[pri:0, instance:com.mendix.test.MaterialScript@fad74ee]" name="Material_Create_Fill_In_Questionnaire" duration-ms="214813" started-at="2019-07-04T05:26:05Z" finished-at="2019-07-04T05:29:40Z">
          <reporter-output>
          </reporter-output>
        </test-method> <!-- Material_Create_Fill_In_Questionnaire -->
      </class> <!-- com.mendix.test.MaterialScript -->
    </test> <!-- Material_Create_Fill_in_questionnaire -->
    <test name="Material_Create_Fill_In_Data" duration-ms="50822" started-at="2019-07-04T05:29:40Z" finished-at="2019-07-04T05:30:31Z">
      <class name="com.mendix.test.MaterialScript">
        <test-method status="FAIL" signature="Material_Create_Fill_In_Data(java.util.Map)[pri:0, instance:com.mendix.test.MaterialScript@3e57cd70]" name="Material_Create_Fill_In_Data" duration-ms="50689" started-at="2019-07-04T05:29:40Z" data-provider="CreateMaterial_Fill_In" finished-at="2019-07-04T05:30:30Z">
          <params>
            <param index="0">
              <value>
                <![CDATA[{OpCo=SG04, Test_Case=8.Create_Material_Global_and_Local_for_JDE, Execute=Y, Material Description:=Test Create, Description=Malt Pale C6 DE Koblenz Automation, Goods and Services Typology=9.0, Material Group=CMG0006, General Item Cat Group=YW02, X-plant matl Status Valid From=18/10/2018, Gross Weight Base UoM=1.0, Unit of Weight=KG, Material Type=YROH, X-plant matl Status=Z3, Base UoM=KG, Net Weight Base UoM=1.0, Storage Conditions=Y1, Purchasing Value Key=YW02, Variable OUN=1.0, Stocking Type Global=P, Purchased, Bulk/Packed Flag=P, Sales Price Level=1.0, Commitment Method=3, Best Before Date, UoM - Primary=KG, UoM - Secondary=KG, UoM - Pricing=KG, UoM - Production=KG, Line Type=S, Inventory Cost Level=2.0, Purchase Price Level=2.0, Standard UoM=_, UoM - Purchasing=TO, UoM - Shipping=KG, UoM - Component=KG, Type=0.0, Inventory Value Zero=No, Price Profit Calculation=0.0, Product Group Code=INVTY, Fields=SG001OC, Plant=25000, Sales Unit of Measure=KG, Purch. Unit of Measure=KG, Rounding Precision=0.01, =0,Â FIFO, Inventory Posting Group=RAWM, Gen. Prod. Posting Group=MNPM, Merchandise and Non Promotional Materials (MNPM), VAT Prod. Posting Group=NO_VAT, 0% VAT, Item Deposit Group Code=02, Keg, Location Code=DZ01, Brewery Rouiba, Replenishment System=2, Transfer, Stocking Type Local=P, BackOrders Allowed=No, Lot Status Code=_, Commitment Date Method=1.0, Lot Calculation Algorithm=01, Bulk Product Related Materials, Cycle Count Category=4.0, Fixed/Variable Lead Time=V, Planning time fence  rule=G, Value Order Policy=0.0, Issue Type Code=I, Reorder Point - Input=0.0, Reorder Quantity-Min=0.0, Safety Stock=0.0, Check Availaibility=No, Serial Number Required=No, Lot Process Type=3, Lots must be Assigned Manually, Country of Origin Required=No, Lot Expiration Date Cal Method=1, On Hand Date, Master Planning Family=097, Typ. 09 - S&OP - MRP, Planning Code=0, Not Planned, Freeze Time Fence Days=7.0, Order Policy Code=1.0, Time Basis Code=4.0, Reorder Quantity - Input=0.0, Reorder Quantity - Maximum=0.0, Quantity - Order Multiples (MRP)=7.0, G/L Class=CTDB, CTS - DB Inst Non-Cap, Purchasing Taxable=Yes, Costing Method - Purchasing=07, Standard, Accounting Cost Quantity=, Sales Taxable=Yes, Costing Method - Sales=08, Purchasing-Base Cost No Adds}]]>
              </value>
            </param>
          </params>
          <exception class="org.openqa.selenium.TimeoutException">
            <message>
              <![CDATA[Expected condition failed: waiting for element to be clickable: By.xpath: //*[text()='Local Data'] (tried for 40 second(s) with 500 milliseconds interval)]]>
            </message>
            <full-stacktrace>
              <![CDATA[org.openqa.selenium.TimeoutException: Expected condition failed: waiting for element to be clickable: By.xpath: //*[text()='Local Data'] (tried for 40 second(s) with 500 milliseconds interval)
at org.openqa.selenium.support.ui.WebDriverWait.timeoutException(WebDriverWait.java:113)
at org.openqa.selenium.support.ui.FluentWait.until(FluentWait.java:283)
at com.mendix.page.MaterialPage.disableLocaData(MaterialPage.java:524)
at com.mendix.test.MaterialScript.Material_Create_Fill_In_Data(MaterialScript.java:43)
at sun.reflect.NativeMethodAccessorImpl.invoke0(Native Method)
at sun.reflect.NativeMethodAccessorImpl.invoke(Unknown Source)
at sun.reflect.DelegatingMethodAccessorImpl.invoke(Unknown Source)
at java.lang.reflect.Method.invoke(Unknown Source)
at org.testng.internal.MethodInvocationHelper.invokeMethod(MethodInvocationHelper.java:124)
at org.testng.internal.Invoker.invokeMethod(Invoker.java:580)
at org.testng.internal.Invoker.invokeTestMethod(Invoker.java:716)
at org.testng.internal.Invoker.invokeTestMethods(Invoker.java:988)
at org.testng.internal.TestMethodWorker.invokeTestMethods(TestMethodWorker.java:125)
at org.testng.internal.TestMethodWorker.run(TestMethodWorker.java:109)
at org.testng.TestRunner.privateRun(TestRunner.java:648)
at org.testng.TestRunner.run(TestRunner.java:505)
at org.testng.SuiteRunner.runTest(SuiteRunner.java:455)
at org.testng.SuiteRunner.runSequentially(SuiteRunner.java:450)
at org.testng.SuiteRunner.privateRun(SuiteRunner.java:415)
at org.testng.SuiteRunner.run(SuiteRunner.java:364)
at org.testng.SuiteRunnerWorker.runSuite(SuiteRunnerWorker.java:52)
at org.testng.SuiteRunnerWorker.run(SuiteRunnerWorker.java:84)
at org.testng.TestNG.runSuitesSequentially(TestNG.java:1208)
at org.testng.TestNG.runSuitesLocally(TestNG.java:1137)
at org.testng.TestNG.runSuites(TestNG.java:1049)
at org.testng.TestNG.run(TestNG.java:1017)
at org.testng.remote.AbstractRemoteTestNG.run(AbstractRemoteTestNG.java:114)
at org.testng.remote.RemoteTestNG.initAndRun(RemoteTestNG.java:251)
at org.testng.remote.RemoteTestNG.main(RemoteTestNG.java:77)
Caused by: org.openqa.selenium.NoSuchElementException: Cannot locate an element using By.xpath: //*[text()='Local Data']
For documentation on this error, please visit: http://seleniumhq.org/exceptions/no_such_element.html
Build info: version: '3.14.0', revision: 'aacccce0', time: '2018-08-02T20:13:22.693Z'
System info: host: 'DESKTOP-D8T0N8D', ip: '9.79.141.213', os.name: 'Windows 10', os.arch: 'amd64', os.version: '10.0', java.version: '1.8.0_121'
Driver info: driver.version: unknown
at org.openqa.selenium.support.ui.ExpectedConditions.lambda$findElement$0(ExpectedConditions.java:896)
at java.util.Optional.orElseThrow(Unknown Source)
at org.openqa.selenium.support.ui.ExpectedConditions.findElement(ExpectedConditions.java:895)
at org.openqa.selenium.support.ui.ExpectedConditions.access$000(ExpectedConditions.java:44)
at org.openqa.selenium.support.ui.ExpectedConditions$7.apply(ExpectedConditions.java:206)
at org.openqa.selenium.support.ui.ExpectedConditions$7.apply(ExpectedConditions.java:202)
at org.openqa.selenium.support.ui.ExpectedConditions$22.apply(ExpectedConditions.java:657)
at org.openqa.selenium.support.ui.ExpectedConditions$22.apply(ExpectedConditions.java:654)
at org.openqa.selenium.support.ui.FluentWait.until(FluentWait.java:260)
... 27 more
]]>
            </full-stacktrace>
          </exception> <!-- org.openqa.selenium.TimeoutException -->
          <reporter-output>
          </reporter-output>
        </test-method> <!-- Material_Create_Fill_In_Data -->
      </class> <!-- com.mendix.test.MaterialScript -->
    </test> <!-- Material_Create_Fill_In_Data -->
    <test name="Material_Validate_Submit_Check" duration-ms="367336" started-at="2019-07-04T05:30:31Z" finished-at="2019-07-04T05:36:38Z">
      <class name="com.mendix.test.MaterialScript">
        <test-method status="FAIL" signature="Material_Create_Validate_Submit_Check()[pri:0, instance:com.mendix.test.MaterialScript@6b9651f3]" name="Material_Create_Validate_Submit_Check" duration-ms="367330" started-at="2019-07-04T05:30:31Z" finished-at="2019-07-04T05:36:38Z">
          <exception class="org.openqa.selenium.TimeoutException">
            <message>
              <![CDATA[Expected condition failed: waiting for visibility of element located by By.cssSelector: .modal-body.mx-dialog-body>p (tried for 180 second(s) with 500 milliseconds interval)]]>
            </message>
            <full-stacktrace>
              <![CDATA[org.openqa.selenium.TimeoutException: Expected condition failed: waiting for visibility of element located by By.cssSelector: .modal-body.mx-dialog-body>p (tried for 180 second(s) with 500 milliseconds interval)
at org.openqa.selenium.support.ui.WebDriverWait.timeoutException(WebDriverWait.java:113)
at org.openqa.selenium.support.ui.FluentWait.until(FluentWait.java:283)
at com.mendix.page.MaterialPage.getRequestId_CreateNew(MaterialPage.java:1810)
at com.mendix.test.MaterialScript.Material_Create_Validate_Submit_Check(MaterialScript.java:272)
at sun.reflect.NativeMethodAccessorImpl.invoke0(Native Method)
at sun.reflect.NativeMethodAccessorImpl.invoke(Unknown Source)
at sun.reflect.DelegatingMethodAccessorImpl.invoke(Unknown Source)
at java.lang.reflect.Method.invoke(Unknown Source)
at org.testng.internal.MethodInvocationHelper.invokeMethod(MethodInvocationHelper.java:124)
at org.testng.internal.Invoker.invokeMethod(Invoker.java:580)
at org.testng.internal.Invoker.invokeTestMethod(Invoker.java:716)
at org.testng.internal.Invoker.invokeTestMethods(Invoker.java:988)
at org.testng.internal.TestMethodWorker.invokeTestMethods(TestMethodWorker.java:125)
at org.testng.internal.TestMethodWorker.run(TestMethodWorker.java:109)
at org.testng.TestRunner.privateRun(TestRunner.java:648)
at org.testng.TestRunner.run(TestRunner.java:505)
at org.testng.SuiteRunner.runTest(SuiteRunner.java:455)
at org.testng.SuiteRunner.runSequentially(SuiteRunner.java:450)
at org.testng.SuiteRunner.privateRun(SuiteRunner.java:415)
at org.testng.SuiteRunner.run(SuiteRunner.java:364)
at org.testng.SuiteRunnerWorker.runSuite(SuiteRunnerWorker.java:52)
at org.testng.SuiteRunnerWorker.run(SuiteRunnerWorker.java:84)
at org.testng.TestNG.runSuitesSequentially(TestNG.java:1208)
at org.testng.TestNG.runSuitesLocally(TestNG.java:1137)
at org.testng.TestNG.runSuites(TestNG.java:1049)
at org.testng.TestNG.run(TestNG.java:1017)
at org.testng.remote.AbstractRemoteTestNG.run(AbstractRemoteTestNG.java:114)
at org.testng.remote.RemoteTestNG.initAndRun(RemoteTestNG.java:251)
at org.testng.remote.RemoteTestNG.main(RemoteTestNG.java:77)
Caused by: org.openqa.selenium.NoSuchElementException: Cannot locate an element using By.cssSelector: .modal-body.mx-dialog-body>p
For documentation on this error, please visit: http://seleniumhq.org/exceptions/no_such_element.html
Build info: version: '3.14.0', revision: 'aacccce0', time: '2018-08-02T20:13:22.693Z'
System info: host: 'DESKTOP-D8T0N8D', ip: '9.79.141.213', os.name: 'Windows 10', os.arch: 'amd64', os.version: '10.0', java.version: '1.8.0_121'
Driver info: driver.version: unknown
at org.openqa.selenium.support.ui.ExpectedConditions.lambda$findElement$0(ExpectedConditions.java:896)
at java.util.Optional.orElseThrow(Unknown Source)
at org.openqa.selenium.support.ui.ExpectedConditions.findElement(ExpectedConditions.java:895)
at org.openqa.selenium.support.ui.ExpectedConditions.access$000(ExpectedConditions.java:44)
at org.openqa.selenium.support.ui.ExpectedConditions$7.apply(ExpectedConditions.java:206)
at org.openqa.selenium.support.ui.ExpectedConditions$7.apply(ExpectedConditions.java:202)
at org.openqa.selenium.support.ui.FluentWait.until(FluentWait.java:260)
... 27 more
]]>
            </full-stacktrace>
          </exception> <!-- org.openqa.selenium.TimeoutException -->
          <reporter-output>
          </reporter-output>
        </test-method> <!-- Material_Create_Validate_Submit_Check -->
      </class> <!-- com.mendix.test.MaterialScript -->
    </test> <!-- Material_Validate_Submit_Check -->
    <test name="Process_Information_Check" duration-ms="170423" started-at="2019-07-04T05:36:38Z" finished-at="2019-07-04T05:39:28Z">
      <class name="com.mendix.test.MaterialScript">
        <test-method status="FAIL" signature="Process_Information_Check(java.util.Map)[pri:0, instance:com.mendix.test.MaterialScript@7ce6a65d]" name="Process_Information_Check" duration-ms="170264" started-at="2019-07-04T05:36:38Z" data-provider="Process_Information_Check" finished-at="2019-07-04T05:39:28Z">
          <params>
            <param index="0">
              <value>
                <![CDATA[{S.NO=23.0, OpCo=BE01, Test_Case=9.Create_Material_with_Questionnaire_only_Global_SAP, Execute=Y, RequestId=1427904, Level1Global=UoM, Level2Global=GDA, Level1Local=LDS, Level2Loca=LBDA, Syndication=Y, Global_ID=416057, Material_Number_AH1=, Material_Number_AE1=, Status_AH1=, Status_AE1=, Status_JDE=, Material Description=, R=, S=, T=, U=, V=, W=, X=, Y=, Z=, AA=, AB=, AC=, AD=, AE=, AF=, AG=, AH=, AI=, AJ=, AK=, AL=, AM=, AN=, AO=, AP=, AQ=, AR=, AS=, AT=, AU=, AV=, AW=, AX=, AY=, AZ=, BA=, BB=, BC=, BD=, BE=, BF=, BG=, BH=, BI=, BJ=, BK=, BL=, BM=, BN=, BO=, BP=, BQ=, BR=, BS=, BT=, BU=, BV=, BW=, BX=, BY=, BZ=, CA=, CB=, CC=, CD=, CE=, CF=, CG=, CH=, CI=, CJ=, CK=, CL=, CM=, CN=, CO=, CP=, CQ=, CR=, CS=, CT=, CU=, CV=, CW=, CX=, CY=, CZ=, DA=, DB=, DC=, DD=, DE=, DF=, DG=, DH=, DI=, DJ=, DK=, DL=, DM=, DN=, DO=, DP=, DQ=, DR=, DS=, DT=, DU=, DV=, DW=, DX=, DY=, DZ=, EA=, EB=, EC=, ED=, EE=, EF=, EG=, EH=, EI=, EJ=, EK=, EL=, EM=, EN=, EO=, EP=, EQ=, ER=, ES=, ET=, EU=, EV=, EW=, EX=, EY=, EZ=, FA=, FB=, FC=, FD=, FE=, FF=, FG=, FH=, FI=, FJ=, FK=, FL=, FM=, FN=, FO=, FP=, FQ=, FR=, FS=, FT=, FU=, FV=, FW=, FX=, FY=, FZ=, GA=, GB=, GC=, GD=, GE=, GF=, GG=, GH=, GI=, GJ=, GK=, GL=, GM=, GN=, GO=, GP=, GQ=, GR=, GS=, GT=, GU=, GV=, GW=, GX=, GY=, GZ=, HA=, HB=, HC=, HD=, HE=, HF=, HG=, HH=, HI=, HJ=, HK=, HL=, HM=, HN=, HO=, HP=, HQ=, HR=, HS=, HT=, HU=, HV=, HW=, HX=, HY=, HZ=, IA=, IB=, IC=, ID=, IE=, IF=, IG=, IH=, II=, IJ=, IK=, IL=, IM=, IN=, IO=, IP=, IQ=, IR=, IS=, IT=, IU=}]]>
              </value>
            </param>
          </params>
          <exception class="org.openqa.selenium.TimeoutException">
            <message>
              <![CDATA[Expected condition failed: waiting for element to be clickable: By.xpath: //a[contains(text(),'Process Information')] (tried for 160 second(s) with 500 milliseconds interval)]]>
            </message>
            <full-stacktrace>
              <![CDATA[org.openqa.selenium.TimeoutException: Expected condition failed: waiting for element to be clickable: By.xpath: //a[contains(text(),'Process Information')] (tried for 160 second(s) with 500 milliseconds interval)
at org.openqa.selenium.support.ui.WebDriverWait.timeoutException(WebDriverWait.java:113)
at org.openqa.selenium.support.ui.FluentWait.until(FluentWait.java:283)
at com.mendix.page.ProceesInfoPage.processInfoSearch(ProceesInfoPage.java:202)
at com.mendix.test.MaterialScript.Process_Information_Check(MaterialScript.java:95)
at sun.reflect.NativeMethodAccessorImpl.invoke0(Native Method)
at sun.reflect.NativeMethodAccessorImpl.invoke(Unknown Source)
at sun.reflect.DelegatingMethodAccessorImpl.invoke(Unknown Source)
at java.lang.reflect.Method.invoke(Unknown Source)
at org.testng.internal.MethodInvocationHelper.invokeMethod(MethodInvocationHelper.java:124)
at org.testng.internal.Invoker.invokeMethod(Invoker.java:580)
at org.testng.internal.Invoker.invokeTestMethod(Invoker.java:716)
at org.testng.internal.Invoker.invokeTestMethods(Invoker.java:988)
at org.testng.internal.TestMethodWorker.invokeTestMethods(TestMethodWorker.java:125)
at org.testng.internal.TestMethodWorker.run(TestMethodWorker.java:109)
at org.testng.TestRunner.privateRun(TestRunner.java:648)
at org.testng.TestRunner.run(TestRunner.java:505)
at org.testng.SuiteRunner.runTest(SuiteRunner.java:455)
at org.testng.SuiteRunner.runSequentially(SuiteRunner.java:450)
at org.testng.SuiteRunner.privateRun(SuiteRunner.java:415)
at org.testng.SuiteRunner.run(SuiteRunner.java:364)
at org.testng.SuiteRunnerWorker.runSuite(SuiteRunnerWorker.java:52)
at org.testng.SuiteRunnerWorker.run(SuiteRunnerWorker.java:84)
at org.testng.TestNG.runSuitesSequentially(TestNG.java:1208)
at org.testng.TestNG.runSuitesLocally(TestNG.java:1137)
at org.testng.TestNG.runSuites(TestNG.java:1049)
at org.testng.TestNG.run(TestNG.java:1017)
at org.testng.remote.AbstractRemoteTestNG.run(AbstractRemoteTestNG.java:114)
at org.testng.remote.RemoteTestNG.initAndRun(RemoteTestNG.java:251)
at org.testng.remote.RemoteTestNG.main(RemoteTestNG.java:77)
Caused by: org.openqa.selenium.NoSuchElementException: Cannot locate an element using By.xpath: //a[contains(text(),'Process Information')]
For documentation on this error, please visit: http://seleniumhq.org/exceptions/no_such_element.html
Build info: version: '3.14.0', revision: 'aacccce0', time: '2018-08-02T20:13:22.693Z'
System info: host: 'DESKTOP-D8T0N8D', ip: '9.79.141.213', os.name: 'Windows 10', os.arch: 'amd64', os.version: '10.0', java.version: '1.8.0_121'
Driver info: driver.version: unknown
at org.openqa.selenium.support.ui.ExpectedConditions.lambda$findElement$0(ExpectedConditions.java:896)
at java.util.Optional.orElseThrow(Unknown Source)
at org.openqa.selenium.support.ui.ExpectedConditions.findElement(ExpectedConditions.java:895)
at org.openqa.selenium.support.ui.ExpectedConditions.access$000(ExpectedConditions.java:44)
at org.openqa.selenium.support.ui.ExpectedConditions$7.apply(ExpectedConditions.java:206)
at org.openqa.selenium.support.ui.ExpectedConditions$7.apply(ExpectedConditions.java:202)
at org.openqa.selenium.support.ui.ExpectedConditions$22.apply(ExpectedConditions.java:657)
at org.openqa.selenium.support.ui.ExpectedConditions$22.apply(ExpectedConditions.java:654)
at org.openqa.selenium.support.ui.FluentWait.until(FluentWait.java:260)
... 27 more
]]>
            </full-stacktrace>
          </exception> <!-- org.openqa.selenium.TimeoutException -->
          <reporter-output>
          </reporter-output>
        </test-method> <!-- Process_Information_Check -->
      </class> <!-- com.mendix.test.MaterialScript -->
    </test> <!-- Process_Information_Check -->
    <test name="HeiPort_Login_GDA" duration-ms="7283" started-at="2019-07-04T05:39:29Z" finished-at="2019-07-04T05:39:36Z">
      <class name="com.mendix.test.LoginScript">
        <test-method status="PASS" signature="openBrowser()[pri:0, instance:com.mendix.test.LoginScript@42d8062c]" name="openBrowser" duration-ms="2658" started-at="2019-07-04T05:39:29Z" finished-at="2019-07-04T05:39:31Z">
          <reporter-output>
          </reporter-output>
        </test-method> <!-- openBrowser -->
        <test-method status="PASS" signature="loginAsGDA()[pri:0, instance:com.mendix.test.LoginScript@42d8062c]" name="loginAsGDA" duration-ms="4621" started-at="2019-07-04T05:39:31Z" finished-at="2019-07-04T05:39:36Z">
          <reporter-output>
          </reporter-output>
        </test-method> <!-- loginAsGDA -->
      </class> <!-- com.mendix.test.LoginScript -->
    </test> <!-- HeiPort_Login_GDA -->
    <test name="Material_Create_Review_Global_Data_Approve_GDA" duration-ms="142392" started-at="2019-07-04T05:39:36Z" finished-at="2019-07-04T05:41:58Z">
      <class name="com.mendix.test.MaterialScript">
        <test-method status="FAIL" signature="Material_Create_Review_Global_Data_Approve_GDA_Duplicate(java.util.Map)[pri:0, instance:com.mendix.test.MaterialScript@5bcea91b]" name="Material_Create_Review_Global_Data_Approve_GDA_Duplicate" duration-ms="142235" started-at="2019-07-04T05:39:36Z" data-provider="Process_Information_Check" finished-at="2019-07-04T05:41:58Z">
          <params>
            <param index="0">
              <value>
                <![CDATA[{S.NO=23.0, OpCo=BE01, Test_Case=9.Create_Material_with_Questionnaire_only_Global_SAP, Execute=Y, RequestId=1427904, Level1Global=UoM, Level2Global=GDA, Level1Local=LDS, Level2Loca=LBDA, Syndication=Y, Global_ID=416057, Material_Number_AH1=, Material_Number_AE1=, Status_AH1=, Status_AE1=, Status_JDE=, Material Description=, R=, S=, T=, U=, V=, W=, X=, Y=, Z=, AA=, AB=, AC=, AD=, AE=, AF=, AG=, AH=, AI=, AJ=, AK=, AL=, AM=, AN=, AO=, AP=, AQ=, AR=, AS=, AT=, AU=, AV=, AW=, AX=, AY=, AZ=, BA=, BB=, BC=, BD=, BE=, BF=, BG=, BH=, BI=, BJ=, BK=, BL=, BM=, BN=, BO=, BP=, BQ=, BR=, BS=, BT=, BU=, BV=, BW=, BX=, BY=, BZ=, CA=, CB=, CC=, CD=, CE=, CF=, CG=, CH=, CI=, CJ=, CK=, CL=, CM=, CN=, CO=, CP=, CQ=, CR=, CS=, CT=, CU=, CV=, CW=, CX=, CY=, CZ=, DA=, DB=, DC=, DD=, DE=, DF=, DG=, DH=, DI=, DJ=, DK=, DL=, DM=, DN=, DO=, DP=, DQ=, DR=, DS=, DT=, DU=, DV=, DW=, DX=, DY=, DZ=, EA=, EB=, EC=, ED=, EE=, EF=, EG=, EH=, EI=, EJ=, EK=, EL=, EM=, EN=, EO=, EP=, EQ=, ER=, ES=, ET=, EU=, EV=, EW=, EX=, EY=, EZ=, FA=, FB=, FC=, FD=, FE=, FF=, FG=, FH=, FI=, FJ=, FK=, FL=, FM=, FN=, FO=, FP=, FQ=, FR=, FS=, FT=, FU=, FV=, FW=, FX=, FY=, FZ=, GA=, GB=, GC=, GD=, GE=, GF=, GG=, GH=, GI=, GJ=, GK=, GL=, GM=, GN=, GO=, GP=, GQ=, GR=, GS=, GT=, GU=, GV=, GW=, GX=, GY=, GZ=, HA=, HB=, HC=, HD=, HE=, HF=, HG=, HH=, HI=, HJ=, HK=, HL=, HM=, HN=, HO=, HP=, HQ=, HR=, HS=, HT=, HU=, HV=, HW=, HX=, HY=, HZ=, IA=, IB=, IC=, ID=, IE=, IF=, IG=, IH=, II=, IJ=, IK=, IL=, IM=, IN=, IO=, IP=, IQ=, IR=, IS=, IT=, IU=}]]>
              </value>
            </param>
          </params>
          <exception class="org.openqa.selenium.TimeoutException">
            <message>
              <![CDATA[Expected condition failed: waiting for element to be clickable: By.xpath: .//*[@class='glyphicon glyphicon-flash'] (tried for 50 second(s) with 500 milliseconds interval)]]>
            </message>
            <full-stacktrace>
              <![CDATA[org.openqa.selenium.TimeoutException: Expected condition failed: waiting for element to be clickable: By.xpath: .//*[@class='glyphicon glyphicon-flash'] (tried for 50 second(s) with 500 milliseconds interval)
at org.openqa.selenium.support.ui.WebDriverWait.timeoutException(WebDriverWait.java:113)
at org.openqa.selenium.support.ui.FluentWait.until(FluentWait.java:283)
at com.mendix.page.MaterialPage.clickLocalAction(MaterialPage.java:1002)
at com.mendix.test.MaterialScript.Material_Create_Review_Global_Data_Approve_GDA_Duplicate(MaterialScript.java:60)
at sun.reflect.NativeMethodAccessorImpl.invoke0(Native Method)
at sun.reflect.NativeMethodAccessorImpl.invoke(Unknown Source)
at sun.reflect.DelegatingMethodAccessorImpl.invoke(Unknown Source)
at java.lang.reflect.Method.invoke(Unknown Source)
at org.testng.internal.MethodInvocationHelper.invokeMethod(MethodInvocationHelper.java:124)
at org.testng.internal.Invoker.invokeMethod(Invoker.java:580)
at org.testng.internal.Invoker.invokeTestMethod(Invoker.java:716)
at org.testng.internal.Invoker.invokeTestMethods(Invoker.java:988)
at org.testng.internal.TestMethodWorker.invokeTestMethods(TestMethodWorker.java:125)
at org.testng.internal.TestMethodWorker.run(TestMethodWorker.java:109)
at org.testng.TestRunner.privateRun(TestRunner.java:648)
at org.testng.TestRunner.run(TestRunner.java:505)
at org.testng.SuiteRunner.runTest(SuiteRunner.java:455)
at org.testng.SuiteRunner.runSequentially(SuiteRunner.java:450)
at org.testng.SuiteRunner.privateRun(SuiteRunner.java:415)
at org.testng.SuiteRunner.run(SuiteRunner.java:364)
at org.testng.SuiteRunnerWorker.runSuite(SuiteRunnerWorker.java:52)
at org.testng.SuiteRunnerWorker.run(SuiteRunnerWorker.java:84)
at org.testng.TestNG.runSuitesSequentially(TestNG.java:1208)
at org.testng.TestNG.runSuitesLocally(TestNG.java:1137)
at org.testng.TestNG.runSuites(TestNG.java:1049)
at org.testng.TestNG.run(TestNG.java:1017)
at org.testng.remote.AbstractRemoteTestNG.run(AbstractRemoteTestNG.java:114)
at org.testng.remote.RemoteTestNG.initAndRun(RemoteTestNG.java:251)
at org.testng.remote.RemoteTestNG.main(RemoteTestNG.java:77)
Caused by: org.openqa.selenium.NoSuchElementException: Cannot locate an element using By.xpath: .//*[@class='glyphicon glyphicon-flash']
For documentation on this error, please visit: http://seleniumhq.org/exceptions/no_such_element.html
Build info: version: '3.14.0', revision: 'aacccce0', time: '2018-08-02T20:13:22.693Z'
System info: host: 'DESKTOP-D8T0N8D', ip: '9.79.141.213', os.name: 'Windows 10', os.arch: 'amd64', os.version: '10.0', java.version: '1.8.0_121'
Driver info: driver.version: unknown
at org.openqa.selenium.support.ui.ExpectedConditions.lambda$findElement$0(ExpectedConditions.java:896)
at java.util.Optional.orElseThrow(Unknown Source)
at org.openqa.selenium.support.ui.ExpectedConditions.findElement(ExpectedConditions.java:895)
at org.openqa.selenium.support.ui.ExpectedConditions.access$000(ExpectedConditions.java:44)
at org.openqa.selenium.support.ui.ExpectedConditions$7.apply(ExpectedConditions.java:206)
at org.openqa.selenium.support.ui.ExpectedConditions$7.apply(ExpectedConditions.java:202)
at org.openqa.selenium.support.ui.ExpectedConditions$22.apply(ExpectedConditions.java:657)
at org.openqa.selenium.support.ui.ExpectedConditions$22.apply(ExpectedConditions.java:654)
at org.openqa.selenium.support.ui.FluentWait.until(FluentWait.java:260)
... 27 more
]]>
            </full-stacktrace>
          </exception> <!-- org.openqa.selenium.TimeoutException -->
          <reporter-output>
          </reporter-output>
        </test-method> <!-- Material_Create_Review_Global_Data_Approve_GDA_Duplicate -->
      </class> <!-- com.mendix.test.MaterialScript -->
    </test> <!-- Material_Create_Review_Global_Data_Approve_GDA -->
    <test name="Process_Information_Check_Syndication" duration-ms="163784" started-at="2019-07-04T05:41:58Z" finished-at="2019-07-04T05:44:42Z">
      <class name="com.mendix.test.MaterialScript">
        <test-method status="FAIL" signature="process_Information_Check_GlobalID_Extend(java.util.Map)[pri:0, instance:com.mendix.test.MaterialScript@46daef40]" name="process_Information_Check_GlobalID_Extend" duration-ms="163686" started-at="2019-07-04T05:41:58Z" data-provider="Process_Information_Check" finished-at="2019-07-04T05:44:42Z">
          <params>
            <param index="0">
              <value>
                <![CDATA[{S.NO=23.0, OpCo=BE01, Test_Case=9.Create_Material_with_Questionnaire_only_Global_SAP, Execute=Y, RequestId=1427904, Level1Global=UoM, Level2Global=GDA, Level1Local=LDS, Level2Loca=LBDA, Syndication=Y, Global_ID=416057, Material_Number_AH1=, Material_Number_AE1=, Status_AH1=, Status_AE1=, Status_JDE=, Material Description=, R=, S=, T=, U=, V=, W=, X=, Y=, Z=, AA=, AB=, AC=, AD=, AE=, AF=, AG=, AH=, AI=, AJ=, AK=, AL=, AM=, AN=, AO=, AP=, AQ=, AR=, AS=, AT=, AU=, AV=, AW=, AX=, AY=, AZ=, BA=, BB=, BC=, BD=, BE=, BF=, BG=, BH=, BI=, BJ=, BK=, BL=, BM=, BN=, BO=, BP=, BQ=, BR=, BS=, BT=, BU=, BV=, BW=, BX=, BY=, BZ=, CA=, CB=, CC=, CD=, CE=, CF=, CG=, CH=, CI=, CJ=, CK=, CL=, CM=, CN=, CO=, CP=, CQ=, CR=, CS=, CT=, CU=, CV=, CW=, CX=, CY=, CZ=, DA=, DB=, DC=, DD=, DE=, DF=, DG=, DH=, DI=, DJ=, DK=, DL=, DM=, DN=, DO=, DP=, DQ=, DR=, DS=, DT=, DU=, DV=, DW=, DX=, DY=, DZ=, EA=, EB=, EC=, ED=, EE=, EF=, EG=, EH=, EI=, EJ=, EK=, EL=, EM=, EN=, EO=, EP=, EQ=, ER=, ES=, ET=, EU=, EV=, EW=, EX=, EY=, EZ=, FA=, FB=, FC=, FD=, FE=, FF=, FG=, FH=, FI=, FJ=, FK=, FL=, FM=, FN=, FO=, FP=, FQ=, FR=, FS=, FT=, FU=, FV=, FW=, FX=, FY=, FZ=, GA=, GB=, GC=, GD=, GE=, GF=, GG=, GH=, GI=, GJ=, GK=, GL=, GM=, GN=, GO=, GP=, GQ=, GR=, GS=, GT=, GU=, GV=, GW=, GX=, GY=, GZ=, HA=, HB=, HC=, HD=, HE=, HF=, HG=, HH=, HI=, HJ=, HK=, HL=, HM=, HN=, HO=, HP=, HQ=, HR=, HS=, HT=, HU=, HV=, HW=, HX=, HY=, HZ=, IA=, IB=, IC=, ID=, IE=, IF=, IG=, IH=, II=, IJ=, IK=, IL=, IM=, IN=, IO=, IP=, IQ=, IR=, IS=, IT=, IU=}]]>
              </value>
            </param>
          </params>
          <exception class="org.openqa.selenium.TimeoutException">
            <message>
              <![CDATA[Expected condition failed: waiting for element to be clickable: By.xpath: //a[contains(text(),'Process Information')] (tried for 160 second(s) with 500 milliseconds interval)]]>
            </message>
            <full-stacktrace>
              <![CDATA[org.openqa.selenium.TimeoutException: Expected condition failed: waiting for element to be clickable: By.xpath: //a[contains(text(),'Process Information')] (tried for 160 second(s) with 500 milliseconds interval)
at org.openqa.selenium.support.ui.WebDriverWait.timeoutException(WebDriverWait.java:113)
at org.openqa.selenium.support.ui.FluentWait.until(FluentWait.java:283)
at com.mendix.page.ProceesInfoPage.processInfoSearch(ProceesInfoPage.java:202)
at com.mendix.test.MaterialScript.process_Information_Check_GlobalID_Extend(MaterialScript.java:354)
at sun.reflect.NativeMethodAccessorImpl.invoke0(Native Method)
at sun.reflect.NativeMethodAccessorImpl.invoke(Unknown Source)
at sun.reflect.DelegatingMethodAccessorImpl.invoke(Unknown Source)
at java.lang.reflect.Method.invoke(Unknown Source)
at org.testng.internal.MethodInvocationHelper.invokeMethod(MethodInvocationHelper.java:124)
at org.testng.internal.Invoker.invokeMethod(Invoker.java:580)
at org.testng.internal.Invoker.invokeTestMethod(Invoker.java:716)
at org.testng.internal.Invoker.invokeTestMethods(Invoker.java:988)
at org.testng.internal.TestMethodWorker.invokeTestMethods(TestMethodWorker.java:125)
at org.testng.internal.TestMethodWorker.run(TestMethodWorker.java:109)
at org.testng.TestRunner.privateRun(TestRunner.java:648)
at org.testng.TestRunner.run(TestRunner.java:505)
at org.testng.SuiteRunner.runTest(SuiteRunner.java:455)
at org.testng.SuiteRunner.runSequentially(SuiteRunner.java:450)
at org.testng.SuiteRunner.privateRun(SuiteRunner.java:415)
at org.testng.SuiteRunner.run(SuiteRunner.java:364)
at org.testng.SuiteRunnerWorker.runSuite(SuiteRunnerWorker.java:52)
at org.testng.SuiteRunnerWorker.run(SuiteRunnerWorker.java:84)
at org.testng.TestNG.runSuitesSequentially(TestNG.java:1208)
at org.testng.TestNG.runSuitesLocally(TestNG.java:1137)
at org.testng.TestNG.runSuites(TestNG.java:1049)
at org.testng.TestNG.run(TestNG.java:1017)
at org.testng.remote.AbstractRemoteTestNG.run(AbstractRemoteTestNG.java:114)
at org.testng.remote.RemoteTestNG.initAndRun(RemoteTestNG.java:251)
at org.testng.remote.RemoteTestNG.main(RemoteTestNG.java:77)
Caused by: org.openqa.selenium.NoSuchElementException: Cannot locate an element using By.xpath: //a[contains(text(),'Process Information')]
For documentation on this error, please visit: http://seleniumhq.org/exceptions/no_such_element.html
Build info: version: '3.14.0', revision: 'aacccce0', time: '2018-08-02T20:13:22.693Z'
System info: host: 'DESKTOP-D8T0N8D', ip: '9.79.141.213', os.name: 'Windows 10', os.arch: 'amd64', os.version: '10.0', java.version: '1.8.0_121'
Driver info: driver.version: unknown
at org.openqa.selenium.support.ui.ExpectedConditions.lambda$findElement$0(ExpectedConditions.java:896)
at java.util.Optional.orElseThrow(Unknown Source)
at org.openqa.selenium.support.ui.ExpectedConditions.findElement(ExpectedConditions.java:895)
at org.openqa.selenium.support.ui.ExpectedConditions.access$000(ExpectedConditions.java:44)
at org.openqa.selenium.support.ui.ExpectedConditions$7.apply(ExpectedConditions.java:206)
at org.openqa.selenium.support.ui.ExpectedConditions$7.apply(ExpectedConditions.java:202)
at org.openqa.selenium.support.ui.ExpectedConditions$22.apply(ExpectedConditions.java:657)
at org.openqa.selenium.support.ui.ExpectedConditions$22.apply(ExpectedConditions.java:654)
at org.openqa.selenium.support.ui.FluentWait.until(FluentWait.java:260)
... 27 more
]]>
            </full-stacktrace>
          </exception> <!-- org.openqa.selenium.TimeoutException -->
          <reporter-output>
          </reporter-output>
        </test-method> <!-- process_Information_Check_GlobalID_Extend -->
      </class> <!-- com.mendix.test.MaterialScript -->
    </test> <!-- Process_Information_Check_Syndication -->
    <test name="HeiPort_Login_LDR_Syndication" duration-ms="7395" started-at="2019-07-04T05:44:42Z" finished-at="2019-07-04T05:44:50Z">
      <class name="com.mendix.test.LoginScript">
        <test-method status="PASS" signature="openBrowser()[pri:0, instance:com.mendix.test.LoginScript@7a3d45bd]" name="openBrowser" duration-ms="2623" started-at="2019-07-04T05:44:42Z" finished-at="2019-07-04T05:44:45Z">
          <reporter-output>
          </reporter-output>
        </test-method> <!-- openBrowser -->
        <test-method status="PASS" signature="loginAsLDR(java.util.Map)[pri:0, instance:com.mendix.test.LoginScript@7a3d45bd]" name="loginAsLDR" duration-ms="4672" started-at="2019-07-04T05:44:45Z" data-provider="HeiPort_Login" finished-at="2019-07-04T05:44:49Z">
          <params>
            <param index="0">
              <value>
                <![CDATA[{S.NO=23.0, OpCo=BE01, Test_Case=9.Create_Material_with_Questionnaire_only_Global_SAP, Execute=Y, RequestId=1427904, Level1Global=UoM, Level2Global=GDA, Level1Local=LDS, Level2Loca=LBDA, Syndication=Y, Global_ID=416057, Material_Number_AH1=, Material_Number_AE1=, Status_AH1=, Status_AE1=, Status_JDE=, Material Description=, R=, S=, T=, U=, V=, W=, X=, Y=, Z=, AA=, AB=, AC=, AD=, AE=, AF=, AG=, AH=, AI=, AJ=, AK=, AL=, AM=, AN=, AO=, AP=, AQ=, AR=, AS=, AT=, AU=, AV=, AW=, AX=, AY=, AZ=, BA=, BB=, BC=, BD=, BE=, BF=, BG=, BH=, BI=, BJ=, BK=, BL=, BM=, BN=, BO=, BP=, BQ=, BR=, BS=, BT=, BU=, BV=, BW=, BX=, BY=, BZ=, CA=, CB=, CC=, CD=, CE=, CF=, CG=, CH=, CI=, CJ=, CK=, CL=, CM=, CN=, CO=, CP=, CQ=, CR=, CS=, CT=, CU=, CV=, CW=, CX=, CY=, CZ=, DA=, DB=, DC=, DD=, DE=, DF=, DG=, DH=, DI=, DJ=, DK=, DL=, DM=, DN=, DO=, DP=, DQ=, DR=, DS=, DT=, DU=, DV=, DW=, DX=, DY=, DZ=, EA=, EB=, EC=, ED=, EE=, EF=, EG=, EH=, EI=, EJ=, EK=, EL=, EM=, EN=, EO=, EP=, EQ=, ER=, ES=, ET=, EU=, EV=, EW=, EX=, EY=, EZ=, FA=, FB=, FC=, FD=, FE=, FF=, FG=, FH=, FI=, FJ=, FK=, FL=, FM=, FN=, FO=, FP=, FQ=, FR=, FS=, FT=, FU=, FV=, FW=, FX=, FY=, FZ=, GA=, GB=, GC=, GD=, GE=, GF=, GG=, GH=, GI=, GJ=, GK=, GL=, GM=, GN=, GO=, GP=, GQ=, GR=, GS=, GT=, GU=, GV=, GW=, GX=, GY=, GZ=, HA=, HB=, HC=, HD=, HE=, HF=, HG=, HH=, HI=, HJ=, HK=, HL=, HM=, HN=, HO=, HP=, HQ=, HR=, HS=, HT=, HU=, HV=, HW=, HX=, HY=, HZ=, IA=, IB=, IC=, ID=, IE=, IF=, IG=, IH=, II=, IJ=, IK=, IL=, IM=, IN=, IO=, IP=, IQ=, IR=, IS=, IT=, IU=}]]>
              </value>
            </param>
          </params>
          <reporter-output>
          </reporter-output>
        </test-method> <!-- loginAsLDR -->
      </class> <!-- com.mendix.test.LoginScript -->
    </test> <!-- HeiPort_Login_LDR_Syndication -->
    <test name="Material_Create_Syndication_Check" duration-ms="193667" started-at="2019-07-04T05:44:50Z" finished-at="2019-07-04T05:48:03Z">
      <class name="com.mendix.test.LoginScript">
        <test-method status="PASS" signature="setup(org.testng.ITestContext)[pri:0, instance:com.mendix.test.LoginScript@7a3d45bd]" name="setup" is-config="true" duration-ms="292" started-at="2019-07-04T05:25:49Z" finished-at="2019-07-04T05:25:49Z">
          <params>
            <param index="0">
              <value>
                <![CDATA[org.testng.TestRunner@13275d8]]>
              </value>
            </param>
          </params>
          <reporter-output>
          </reporter-output>
        </test-method> <!-- setup -->
      </class> <!-- com.mendix.test.LoginScript -->
      <class name="com.mendix.test.MaterialScript">
        <test-method status="FAIL" signature="material_Create_Syndication_Check_GlobalId(java.util.Map)[pri:0, instance:com.mendix.test.MaterialScript@3aeaafa6]" name="material_Create_Syndication_Check_GlobalId" duration-ms="193432" started-at="2019-07-04T05:44:50Z" data-provider="Process_Information_Check" finished-at="2019-07-04T05:48:03Z">
          <params>
            <param index="0">
              <value>
                <![CDATA[{S.NO=23.0, OpCo=BE01, Test_Case=9.Create_Material_with_Questionnaire_only_Global_SAP, Execute=Y, RequestId=1427904, Level1Global=UoM, Level2Global=GDA, Level1Local=LDS, Level2Loca=LBDA, Syndication=Y, Global_ID=416057, Material_Number_AH1=, Material_Number_AE1=, Status_AH1=, Status_AE1=, Status_JDE=, Material Description=, R=, S=, T=, U=, V=, W=, X=, Y=, Z=, AA=, AB=, AC=, AD=, AE=, AF=, AG=, AH=, AI=, AJ=, AK=, AL=, AM=, AN=, AO=, AP=, AQ=, AR=, AS=, AT=, AU=, AV=, AW=, AX=, AY=, AZ=, BA=, BB=, BC=, BD=, BE=, BF=, BG=, BH=, BI=, BJ=, BK=, BL=, BM=, BN=, BO=, BP=, BQ=, BR=, BS=, BT=, BU=, BV=, BW=, BX=, BY=, BZ=, CA=, CB=, CC=, CD=, CE=, CF=, CG=, CH=, CI=, CJ=, CK=, CL=, CM=, CN=, CO=, CP=, CQ=, CR=, CS=, CT=, CU=, CV=, CW=, CX=, CY=, CZ=, DA=, DB=, DC=, DD=, DE=, DF=, DG=, DH=, DI=, DJ=, DK=, DL=, DM=, DN=, DO=, DP=, DQ=, DR=, DS=, DT=, DU=, DV=, DW=, DX=, DY=, DZ=, EA=, EB=, EC=, ED=, EE=, EF=, EG=, EH=, EI=, EJ=, EK=, EL=, EM=, EN=, EO=, EP=, EQ=, ER=, ES=, ET=, EU=, EV=, EW=, EX=, EY=, EZ=, FA=, FB=, FC=, FD=, FE=, FF=, FG=, FH=, FI=, FJ=, FK=, FL=, FM=, FN=, FO=, FP=, FQ=, FR=, FS=, FT=, FU=, FV=, FW=, FX=, FY=, FZ=, GA=, GB=, GC=, GD=, GE=, GF=, GG=, GH=, GI=, GJ=, GK=, GL=, GM=, GN=, GO=, GP=, GQ=, GR=, GS=, GT=, GU=, GV=, GW=, GX=, GY=, GZ=, HA=, HB=, HC=, HD=, HE=, HF=, HG=, HH=, HI=, HJ=, HK=, HL=, HM=, HN=, HO=, HP=, HQ=, HR=, HS=, HT=, HU=, HV=, HW=, HX=, HY=, HZ=, IA=, IB=, IC=, ID=, IE=, IF=, IG=, IH=, II=, IJ=, IK=, IL=, IM=, IN=, IO=, IP=, IQ=, IR=, IS=, IT=, IU=}]]>
              </value>
            </param>
          </params>
          <exception class="org.openqa.selenium.NoSuchWindowException">
            <message>
              <![CDATA[No window found
Build info: version: '3.14.0', revision: 'aacccce0', time: '2018-08-02T20:13:22.693Z'
System info: host: 'DESKTOP-D8T0N8D', ip: '9.79.141.213', os.name: 'Windows 10', os.arch: 'amd64', os.version: '10.0', java.version: '1.8.0_121'
Driver info: org.openqa.selenium.ie.InternetExplorerDriver
Capabilities {acceptInsecureCerts: false, browserName: internet explorer, browserVersion: 11, javascriptEnabled: true, pageLoadStrategy: normal, platform: WINDOWS, platformName: WINDOWS, proxy: Proxy(), se:ieOptions: {browserAttachTimeout: 0, elementScrollBehavior: 0, enablePersistentHover: true, ie.browserCommandLineSwitches: , ie.ensureCleanSession: false, ie.fileUploadDialogTimeout: 3000, ie.forceCreateProcessApi: false, ignoreProtectedModeSettings: false, ignoreZoomSetting: false, initialBrowserUrl: http://localhost:34765/, nativeEvents: true, requireWindowFocus: false}, setWindowRect: true, timeouts: {implicit: 0, pageLoad: 300000, script: 30000}}
Session ID: 8d457b79-95d3-4be1-9508-31c020299416]]>
            </message>
            <full-stacktrace>
              <![CDATA[org.openqa.selenium.NoSuchWindowException: No window found
Build info: version: '3.14.0', revision: 'aacccce0', time: '2018-08-02T20:13:22.693Z'
System info: host: 'DESKTOP-D8T0N8D', ip: '9.79.141.213', os.name: 'Windows 10', os.arch: 'amd64', os.version: '10.0', java.version: '1.8.0_121'
Driver info: org.openqa.selenium.ie.InternetExplorerDriver
Capabilities {acceptInsecureCerts: false, browserName: internet explorer, browserVersion: 11, javascriptEnabled: true, pageLoadStrategy: normal, platform: WINDOWS, platformName: WINDOWS, proxy: Proxy(), se:ieOptions: {browserAttachTimeout: 0, elementScrollBehavior: 0, enablePersistentHover: true, ie.browserCommandLineSwitches: , ie.ensureCleanSession: false, ie.fileUploadDialogTimeout: 3000, ie.forceCreateProcessApi: false, ignoreProtectedModeSettings: false, ignoreZoomSetting: false, initialBrowserUrl: http://localhost:34765/, nativeEvents: true, requireWindowFocus: false}, setWindowRect: true, timeouts: {implicit: 0, pageLoad: 300000, script: 30000}}
Session ID: 8d457b79-95d3-4be1-9508-31c020299416
at sun.reflect.NativeConstructorAccessorImpl.newInstance0(Native Method)
at sun.reflect.NativeConstructorAccessorImpl.newInstance(Unknown Source)
at sun.reflect.DelegatingConstructorAccessorImpl.newInstance(Unknown Source)
at java.lang.reflect.Constructor.newInstance(Unknown Source)
at org.openqa.selenium.remote.http.W3CHttpResponseCodec.createException(W3CHttpResponseCodec.java:187)
at org.openqa.selenium.remote.http.W3CHttpResponseCodec.decode(W3CHttpResponseCodec.java:122)
at org.openqa.selenium.remote.http.W3CHttpResponseCodec.decode(W3CHttpResponseCodec.java:49)
at org.openqa.selenium.remote.HttpCommandExecutor.execute(HttpCommandExecutor.java:158)
at org.openqa.selenium.remote.service.DriverCommandExecutor.execute(DriverCommandExecutor.java:83)
at org.openqa.selenium.remote.RemoteWebDriver.execute(RemoteWebDriver.java:548)
at org.openqa.selenium.remote.RemoteWebDriver$RemoteTargetLocator.window(RemoteWebDriver.java:899)
at com.mendix.page.MaterialPage.advancedSearch(MaterialPage.java:1115)
at com.mendix.test.MaterialScript.material_Create_Syndication_Check_GlobalId(MaterialScript.java:376)
at sun.reflect.NativeMethodAccessorImpl.invoke0(Native Method)
at sun.reflect.NativeMethodAccessorImpl.invoke(Unknown Source)
at sun.reflect.DelegatingMethodAccessorImpl.invoke(Unknown Source)
at java.lang.reflect.Method.invoke(Unknown Source)
at org.testng.internal.MethodInvocationHelper.invokeMethod(MethodInvocationHelper.java:124)
at org.testng.internal.Invoker.invokeMethod(Invoker.java:580)
at org.testng.internal.Invoker.invokeTestMethod(Invoker.java:716)
at org.testng.internal.Invoker.invokeTestMethods(Invoker.java:988)
at org.testng.internal.TestMethodWorker.invokeTestMethods(TestMethodWorker.java:125)
at org.testng.internal.TestMethodWorker.run(TestMethodWorker.java:109)
at org.testng.TestRunner.privateRun(TestRunner.java:648)
at org.testng.TestRunner.run(TestRunner.java:505)
at org.testng.SuiteRunner.runTest(SuiteRunner.java:455)
at org.testng.SuiteRunner.runSequentially(SuiteRunner.java:450)
at org.testng.SuiteRunner.privateRun(SuiteRunner.java:415)
at org.testng.SuiteRunner.run(SuiteRunner.java:364)
at org.testng.SuiteRunnerWorker.runSuite(SuiteRunnerWorker.java:52)
at org.testng.SuiteRunnerWorker.run(SuiteRunnerWorker.java:84)
at org.testng.TestNG.runSuitesSequentially(TestNG.java:1208)
at org.testng.TestNG.runSuitesLocally(TestNG.java:1137)
at org.testng.TestNG.runSuites(TestNG.java:1049)
at org.testng.TestNG.run(TestNG.java:1017)
at org.testng.remote.AbstractRemoteTestNG.run(AbstractRemoteTestNG.java:114)
at org.testng.remote.RemoteTestNG.initAndRun(RemoteTestNG.java:251)
at org.testng.remote.RemoteTestNG.main(RemoteTestNG.java:77)
]]>
            </full-stacktrace>
          </exception> <!-- org.openqa.selenium.NoSuchWindowException -->
          <reporter-output>
          </reporter-output>
        </test-method> <!-- material_Create_Syndication_Check_GlobalId -->
        <test-method status="PASS" signature="launchUFT_SAP_Material()[pri:0, instance:com.mendix.test.MaterialScript@3aeaafa6]" name="launchUFT_SAP_Material" duration-ms="168" started-at="2019-07-04T05:48:03Z" finished-at="2019-07-04T05:48:03Z">
          <reporter-output>
          </reporter-output>
        </test-method> <!-- launchUFT_SAP_Material -->
      </class> <!-- com.mendix.test.MaterialScript -->
    </test> <!-- Material_Create_Syndication_Check -->
  </suite> <!-- Create Material -->
</testng-results>
